Performing C SOURCE FILE Test CMAKE_HAVE_LIBC_PTHREAD failed with the following output:
Change Dir: /home/houxb/Temp/glog/cmake-build-debug/CMakeFiles/CMakeTmp

Run Build Command(s):/usr/bin/make cmTC_060b3/fast && /usr/bin/make -f CMakeFiles/cmTC_060b3.dir/build.make CMakeFiles/cmTC_060b3.dir/build
make[1]: Entering directory '/home/houxb/Temp/glog/cmake-build-debug/CMakeFiles/CMakeTmp'
Building C object CMakeFiles/cmTC_060b3.dir/src.c.o
/usr/bin/cc   -DCMAKE_HAVE_LIBC_PTHREAD   -o CMakeFiles/cmTC_060b3.dir/src.c.o   -c /home/houxb/Temp/glog/cmake-build-debug/CMakeFiles/CMakeTmp/src.c
Linking C executable cmTC_060b3
/home/houxb/source/Hero_BuiltRobot/builder/cmake-3.16.4-Linux-x86_64/bin/cmake -E cmake_link_script CMakeFiles/cmTC_060b3.dir/link.txt --verbose=1
/usr/bin/cc  -DCMAKE_HAVE_LIBC_PTHREAD    -rdynamic CMakeFiles/cmTC_060b3.dir/src.c.o  -o cmTC_060b3 
CMakeFiles/cmTC_060b3.dir/src.c.o: In function `main':
src.c:(.text+0x3c): undefined reference to `pthread_create'
src.c:(.text+0x48): undefined reference to `pthread_detach'
src.c:(.text+0x59): undefined reference to `pthread_join'
src.c:(.text+0x6d): undefined reference to `pthread_atfork'
collect2: error: ld returned 1 exit status
CMakeFiles/cmTC_060b3.dir/build.make:86: recipe for target 'cmTC_060b3' failed
make[1]: *** [cmTC_060b3] Error 1
make[1]: Leaving directory '/home/houxb/Temp/glog/cmake-build-debug/CMakeFiles/CMakeTmp'
Makefile:121: recipe for target 'cmTC_060b3/fast' failed
make: *** [cmTC_060b3/fast] Error 2


Source file was:
#include <pthread.h>

void* test_func(void* data)
{
  return data;
}

int main(void)
{
  pthread_t thread;
  pthread_create(&thread, NULL, test_func, NULL);
  pthread_detach(thread);
  pthread_join(thread, NULL);
  pthread_atfork(NULL, NULL, NULL);
  pthread_exit(NULL);

  return 0;
}

Determining if the function pthread_create exists in the pthreads failed with the following output:
Change Dir: /home/houxb/Temp/glog/cmake-build-debug/CMakeFiles/CMakeTmp

Run Build Command(s):/usr/bin/make cmTC_0e609/fast && /usr/bin/make -f CMakeFiles/cmTC_0e609.dir/build.make CMakeFiles/cmTC_0e609.dir/build
make[1]: Entering directory '/home/houxb/Temp/glog/cmake-build-debug/CMakeFiles/CMakeTmp'
Building C object CMakeFiles/cmTC_0e609.dir/CheckFunctionExists.c.o
/usr/bin/cc   -DCHECK_FUNCTION_EXISTS=pthread_create   -o CMakeFiles/cmTC_0e609.dir/CheckFunctionExists.c.o   -c /home/houxb/source/Hero_BuiltRobot/builder/cmake-3.16.4-Linux-x86_64/share/cmake-3.16/Modules/CheckFunctionExists.c
Linking C executable cmTC_0e609
/home/houxb/source/Hero_BuiltRobot/builder/cmake-3.16.4-Linux-x86_64/bin/cmake -E cmake_link_script CMakeFiles/cmTC_0e609.dir/link.txt --verbose=1
/usr/bin/cc  -DCHECK_FUNCTION_EXISTS=pthread_create    -rdynamic CMakeFiles/cmTC_0e609.dir/CheckFunctionExists.c.o  -o cmTC_0e609  -lpthreads 
/usr/bin/ld: cannot find -lpthreads
collect2: error: ld returned 1 exit status
CMakeFiles/cmTC_0e609.dir/build.make:86: recipe for target 'cmTC_0e609' failed
make[1]: *** [cmTC_0e609] Error 1
make[1]: Leaving directory '/home/houxb/Temp/glog/cmake-build-debug/CMakeFiles/CMakeTmp'
Makefile:121: recipe for target 'cmTC_0e609/fast' failed
make: *** [cmTC_0e609/fast] Error 2



Determining if the include file libunwind.h exists failed with the following output:
Change Dir: /home/houxb/Temp/glog/cmake-build-debug/CMakeFiles/CMakeTmp

Run Build Command(s):/usr/bin/make cmTC_6fabf/fast && /usr/bin/make -f CMakeFiles/cmTC_6fabf.dir/build.make CMakeFiles/cmTC_6fabf.dir/build
make[1]: Entering directory '/home/houxb/Temp/glog/cmake-build-debug/CMakeFiles/CMakeTmp'
Building C object CMakeFiles/cmTC_6fabf.dir/CheckIncludeFile.c.o
/usr/bin/cc    -o CMakeFiles/cmTC_6fabf.dir/CheckIncludeFile.c.o   -c /home/houxb/Temp/glog/cmake-build-debug/CMakeFiles/CMakeTmp/CheckIncludeFile.c
/home/houxb/Temp/glog/cmake-build-debug/CMakeFiles/CMakeTmp/CheckIncludeFile.c:1:23: fatal error: libunwind.h: No such file or directory
compilation terminated.
CMakeFiles/cmTC_6fabf.dir/build.make:65: recipe for target 'CMakeFiles/cmTC_6fabf.dir/CheckIncludeFile.c.o' failed
make[1]: *** [CMakeFiles/cmTC_6fabf.dir/CheckIncludeFile.c.o] Error 1
make[1]: Leaving directory '/home/houxb/Temp/glog/cmake-build-debug/CMakeFiles/CMakeTmp'
Makefile:121: recipe for target 'cmTC_6fabf/fast' failed
make: *** [cmTC_6fabf/fast] Error 2



Determining if the include file unordered_map exists failed with the following output:
Change Dir: /home/houxb/Temp/glog/cmake-build-debug/CMakeFiles/CMakeTmp

Run Build Command(s):/usr/bin/make cmTC_0f8d3/fast && /usr/bin/make -f CMakeFiles/cmTC_0f8d3.dir/build.make CMakeFiles/cmTC_0f8d3.dir/build
make[1]: Entering directory '/home/houxb/Temp/glog/cmake-build-debug/CMakeFiles/CMakeTmp'
Building CXX object CMakeFiles/cmTC_0f8d3.dir/CheckIncludeFile.cxx.o
/usr/bin/c++     -o CMakeFiles/cmTC_0f8d3.dir/CheckIncludeFile.cxx.o -c /home/houxb/Temp/glog/cmake-build-debug/CMakeFiles/CMakeTmp/CheckIncludeFile.cxx
In file included from /usr/include/c++/5/unordered_map:35:0,
                 from /home/houxb/Temp/glog/cmake-build-debug/CMakeFiles/CMakeTmp/CheckIncludeFile.cxx:1:
/usr/include/c++/5/bits/c++0x_warning.h:32:2: error: #error This file requires compiler and library support for the ISO C++ 2011 standard. This support must be enabled with the -std=c++11 or -std=gnu++11 compiler options.
 #error This file requires compiler and library support \
  ^
CMakeFiles/cmTC_0f8d3.dir/build.make:65: recipe for target 'CMakeFiles/cmTC_0f8d3.dir/CheckIncludeFile.cxx.o' failed
make[1]: *** [CMakeFiles/cmTC_0f8d3.dir/CheckIncludeFile.cxx.o] Error 1
make[1]: Leaving directory '/home/houxb/Temp/glog/cmake-build-debug/CMakeFiles/CMakeTmp'
Makefile:121: recipe for target 'cmTC_0f8d3/fast' failed
make: *** [cmTC_0f8d3/fast] Error 2



Determining if the include file unordered_set exists failed with the following output:
Change Dir: /home/houxb/Temp/glog/cmake-build-debug/CMakeFiles/CMakeTmp

Run Build Command(s):/usr/bin/make cmTC_8763c/fast && /usr/bin/make -f CMakeFiles/cmTC_8763c.dir/build.make CMakeFiles/cmTC_8763c.dir/build
make[1]: Entering directory '/home/houxb/Temp/glog/cmake-build-debug/CMakeFiles/CMakeTmp'
Building CXX object CMakeFiles/cmTC_8763c.dir/CheckIncludeFile.cxx.o
/usr/bin/c++     -o CMakeFiles/cmTC_8763c.dir/CheckIncludeFile.cxx.o -c /home/houxb/Temp/glog/cmake-build-debug/CMakeFiles/CMakeTmp/CheckIncludeFile.cxx
In file included from /usr/include/c++/5/unordered_set:35:0,
                 from /home/houxb/Temp/glog/cmake-build-debug/CMakeFiles/CMakeTmp/CheckIncludeFile.cxx:1:
/usr/include/c++/5/bits/c++0x_warning.h:32:2: error: #error This file requires compiler and library support for the ISO C++ 2011 standard. This support must be enabled with the -std=c++11 or -std=gnu++11 compiler options.
 #error This file requires compiler and library support \
  ^
CMakeFiles/cmTC_8763c.dir/build.make:65: recipe for target 'CMakeFiles/cmTC_8763c.dir/CheckIncludeFile.cxx.o' failed
make[1]: *** [CMakeFiles/cmTC_8763c.dir/CheckIncludeFile.cxx.o] Error 1
make[1]: Leaving directory '/home/houxb/Temp/glog/cmake-build-debug/CMakeFiles/CMakeTmp'
Makefile:121: recipe for target 'cmTC_8763c/fast' failed
make: *** [cmTC_8763c/fast] Error 2



Determining size of unsigned __int16 failed with the following output:
Change Dir: /home/houxb/Temp/glog/cmake-build-debug/CMakeFiles/CMakeTmp

Run Build Command(s):/usr/bin/make cmTC_10b56/fast && /usr/bin/make -f CMakeFiles/cmTC_10b56.dir/build.make CMakeFiles/cmTC_10b56.dir/build
make[1]: Entering directory '/home/houxb/Temp/glog/cmake-build-debug/CMakeFiles/CMakeTmp'
Building C object CMakeFiles/cmTC_10b56.dir/HAVE___UINT16.c.o
/usr/bin/cc    -o CMakeFiles/cmTC_10b56.dir/HAVE___UINT16.c.o   -c /home/houxb/Temp/glog/cmake-build-debug/CMakeFiles/CheckTypeSize/HAVE___UINT16.c
/home/houxb/Temp/glog/cmake-build-debug/CMakeFiles/CheckTypeSize/HAVE___UINT16.c:23:31: error: expected ‘)’ before ‘__int16’
 #define SIZE (sizeof(unsigned __int16))
                               ^
/home/houxb/Temp/glog/cmake-build-debug/CMakeFiles/CheckTypeSize/HAVE___UINT16.c:25:12: note: in expansion of macro ‘SIZE’
   ('0' + ((SIZE / 10000)%10)),
            ^
/home/houxb/Temp/glog/cmake-build-debug/CMakeFiles/CheckTypeSize/HAVE___UINT16.c:23:31: error: expected ‘)’ before ‘__int16’
 #define SIZE (sizeof(unsigned __int16))
                               ^
/home/houxb/Temp/glog/cmake-build-debug/CMakeFiles/CheckTypeSize/HAVE___UINT16.c:26:12: note: in expansion of macro ‘SIZE’
   ('0' + ((SIZE / 1000)%10)),
            ^
/home/houxb/Temp/glog/cmake-build-debug/CMakeFiles/CheckTypeSize/HAVE___UINT16.c:23:31: error: expected ‘)’ before ‘__int16’
 #define SIZE (sizeof(unsigned __int16))
                               ^
/home/houxb/Temp/glog/cmake-build-debug/CMakeFiles/CheckTypeSize/HAVE___UINT16.c:27:12: note: in expansion of macro ‘SIZE’
   ('0' + ((SIZE / 100)%10)),
            ^
/home/houxb/Temp/glog/cmake-build-debug/CMakeFiles/CheckTypeSize/HAVE___UINT16.c:23:31: error: expected ‘)’ before ‘__int16’
 #define SIZE (sizeof(unsigned __int16))
                               ^
/home/houxb/Temp/glog/cmake-build-debug/CMakeFiles/CheckTypeSize/HAVE___UINT16.c:28:12: note: in expansion of macro ‘SIZE’
   ('0' + ((SIZE / 10)%10)),
            ^
/home/houxb/Temp/glog/cmake-build-debug/CMakeFiles/CheckTypeSize/HAVE___UINT16.c:23:31: error: expected ‘)’ before ‘__int16’
 #define SIZE (sizeof(unsigned __int16))
                               ^
/home/houxb/Temp/glog/cmake-build-debug/CMakeFiles/CheckTypeSize/HAVE___UINT16.c:29:12: note: in expansion of macro ‘SIZE’
   ('0' +  (SIZE    % 10)),
            ^
CMakeFiles/cmTC_10b56.dir/build.make:65: recipe for target 'CMakeFiles/cmTC_10b56.dir/HAVE___UINT16.c.o' failed
make[1]: *** [CMakeFiles/cmTC_10b56.dir/HAVE___UINT16.c.o] Error 1
make[1]: Leaving directory '/home/houxb/Temp/glog/cmake-build-debug/CMakeFiles/CMakeTmp'
Makefile:121: recipe for target 'cmTC_10b56/fast' failed
make: *** [cmTC_10b56/fast] Error 2


/home/houxb/Temp/glog/cmake-build-debug/CMakeFiles/CheckTypeSize/HAVE___UINT16.c:
#include <sys/types.h>
#include <stdint.h>
#include <stddef.h>


#undef KEY
#if defined(__i386)
# define KEY '_','_','i','3','8','6'
#elif defined(__x86_64)
# define KEY '_','_','x','8','6','_','6','4'
#elif defined(__ppc__)
# define KEY '_','_','p','p','c','_','_'
#elif defined(__ppc64__)
# define KEY '_','_','p','p','c','6','4','_','_'
#elif defined(__aarch64__)
# define KEY '_','_','a','a','r','c','h','6','4','_','_'
#elif defined(__ARM_ARCH_7A__)
# define KEY '_','_','A','R','M','_','A','R','C','H','_','7','A','_','_'
#elif defined(__ARM_ARCH_7S__)
# define KEY '_','_','A','R','M','_','A','R','C','H','_','7','S','_','_'
#endif

#define SIZE (sizeof(unsigned __int16))
static char info_size[] =  {'I', 'N', 'F', 'O', ':', 's','i','z','e','[',
  ('0' + ((SIZE / 10000)%10)),
  ('0' + ((SIZE / 1000)%10)),
  ('0' + ((SIZE / 100)%10)),
  ('0' + ((SIZE / 10)%10)),
  ('0' +  (SIZE    % 10)),
  ']',
#ifdef KEY
  ' ','k','e','y','[', KEY, ']',
#endif
  '\0'};

#ifdef __CLASSIC_C__
int main(argc, argv) int argc; char *argv[];
#else
int main(int argc, char *argv[])
#endif
{
  int require = 0;
  require += info_size[argc];
  (void)argv;
  return require;
}


Determining if the function dladdr exists failed with the following output:
Change Dir: /home/houxb/Temp/glog/cmake-build-debug/CMakeFiles/CMakeTmp

Run Build Command(s):/usr/bin/make cmTC_8c498/fast && /usr/bin/make -f CMakeFiles/cmTC_8c498.dir/build.make CMakeFiles/cmTC_8c498.dir/build
make[1]: Entering directory '/home/houxb/Temp/glog/cmake-build-debug/CMakeFiles/CMakeTmp'
Building C object CMakeFiles/cmTC_8c498.dir/CheckFunctionExists.c.o
/usr/bin/cc   -DCHECK_FUNCTION_EXISTS=dladdr   -o CMakeFiles/cmTC_8c498.dir/CheckFunctionExists.c.o   -c /home/houxb/source/Hero_BuiltRobot/builder/cmake-3.16.4-Linux-x86_64/share/cmake-3.16/Modules/CheckFunctionExists.c
Linking C executable cmTC_8c498
/home/houxb/source/Hero_BuiltRobot/builder/cmake-3.16.4-Linux-x86_64/bin/cmake -E cmake_link_script CMakeFiles/cmTC_8c498.dir/link.txt --verbose=1
/usr/bin/cc  -DCHECK_FUNCTION_EXISTS=dladdr    -rdynamic CMakeFiles/cmTC_8c498.dir/CheckFunctionExists.c.o  -o cmTC_8c498 
CMakeFiles/cmTC_8c498.dir/CheckFunctionExists.c.o: In function `main':
CheckFunctionExists.c:(.text+0x10): undefined reference to `dladdr'
collect2: error: ld returned 1 exit status
CMakeFiles/cmTC_8c498.dir/build.make:86: recipe for target 'cmTC_8c498' failed
make[1]: *** [cmTC_8c498] Error 1
make[1]: Leaving directory '/home/houxb/Temp/glog/cmake-build-debug/CMakeFiles/CMakeTmp'
Makefile:121: recipe for target 'cmTC_8c498/fast' failed
make: *** [cmTC_8c498/fast] Error 2



Performing C++ SOURCE FILE Test HAVE_NO_UNNAMED_TYPE_TEMPLATE_ARGS failed with the following output:
Change Dir: /home/houxb/Temp/glog/cmake-build-debug/CMakeFiles/CMakeTmp

Run Build Command(s):/usr/bin/make cmTC_a3214/fast && /usr/bin/make -f CMakeFiles/cmTC_a3214.dir/build.make CMakeFiles/cmTC_a3214.dir/build
make[1]: Entering directory '/home/houxb/Temp/glog/cmake-build-debug/CMakeFiles/CMakeTmp'
Building CXX object CMakeFiles/cmTC_a3214.dir/src.cxx.o
/usr/bin/c++    -DHAVE_NO_UNNAMED_TYPE_TEMPLATE_ARGS   -Wunnamed-type-template-args -o CMakeFiles/cmTC_a3214.dir/src.cxx.o -c /home/houxb/Temp/glog/cmake-build-debug/CMakeFiles/CMakeTmp/src.cxx
c++: error: unrecognized command line option '-Wunnamed-type-template-args'
CMakeFiles/cmTC_a3214.dir/build.make:65: recipe for target 'CMakeFiles/cmTC_a3214.dir/src.cxx.o' failed
make[1]: *** [CMakeFiles/cmTC_a3214.dir/src.cxx.o] Error 1
make[1]: Leaving directory '/home/houxb/Temp/glog/cmake-build-debug/CMakeFiles/CMakeTmp'
Makefile:121: recipe for target 'cmTC_a3214/fast' failed
make: *** [cmTC_a3214/fast] Error 2


Source file was:
int main() { return 0; }
Determining if the function get_static_proc_name exists in the unwind failed with the following output:
Change Dir: /home/houxb/Temp/glog/cmake-build-debug/CMakeFiles/CMakeTmp

Run Build Command(s):/usr/bin/make cmTC_adc7c/fast && /usr/bin/make -f CMakeFiles/cmTC_adc7c.dir/build.make CMakeFiles/cmTC_adc7c.dir/build
make[1]: Entering directory '/home/houxb/Temp/glog/cmake-build-debug/CMakeFiles/CMakeTmp'
Building C object CMakeFiles/cmTC_adc7c.dir/CheckFunctionExists.c.o
/usr/bin/cc   -DCHECK_FUNCTION_EXISTS=get_static_proc_name   -o CMakeFiles/cmTC_adc7c.dir/CheckFunctionExists.c.o   -c /home/houxb/source/Hero_BuiltRobot/builder/cmake-3.16.4-Linux-x86_64/share/cmake-3.16/Modules/CheckFunctionExists.c
Linking C executable cmTC_adc7c
/home/houxb/source/Hero_BuiltRobot/builder/cmake-3.16.4-Linux-x86_64/bin/cmake -E cmake_link_script CMakeFiles/cmTC_adc7c.dir/link.txt --verbose=1
/usr/bin/cc  -DCHECK_FUNCTION_EXISTS=get_static_proc_name    -rdynamic CMakeFiles/cmTC_adc7c.dir/CheckFunctionExists.c.o  -o cmTC_adc7c  -lunwind 
/usr/bin/ld: cannot find -lunwind
collect2: error: ld returned 1 exit status
CMakeFiles/cmTC_adc7c.dir/build.make:86: recipe for target 'cmTC_adc7c' failed
make[1]: *** [cmTC_adc7c] Error 1
make[1]: Leaving directory '/home/houxb/Temp/glog/cmake-build-debug/CMakeFiles/CMakeTmp'
Makefile:121: recipe for target 'cmTC_adc7c/fast' failed
make: *** [cmTC_adc7c/fast] Error 2



Performing C SOURCE FILE Test HAVE_RWLOCK failed with the following output:
Change Dir: /home/houxb/Temp/glog/cmake-build-debug/CMakeFiles/CMakeTmp

Run Build Command(s):/usr/bin/make cmTC_05189/fast && /usr/bin/make -f CMakeFiles/cmTC_05189.dir/build.make CMakeFiles/cmTC_05189.dir/build
make[1]: Entering directory '/home/houxb/Temp/glog/cmake-build-debug/CMakeFiles/CMakeTmp'
Building C object CMakeFiles/cmTC_05189.dir/src.c.o
/usr/bin/cc   -DHAVE_RWLOCK   -o CMakeFiles/cmTC_05189.dir/src.c.o   -c /home/houxb/Temp/glog/cmake-build-debug/CMakeFiles/CMakeTmp/src.c
Linking C executable cmTC_05189
/home/houxb/source/Hero_BuiltRobot/builder/cmake-3.16.4-Linux-x86_64/bin/cmake -E cmake_link_script CMakeFiles/cmTC_05189.dir/link.txt --verbose=1
/usr/bin/cc  -DHAVE_RWLOCK    -rdynamic CMakeFiles/cmTC_05189.dir/src.c.o  -o cmTC_05189 
CMakeFiles/cmTC_05189.dir/src.c.o: In function `main':
src.c:(.text+0x24): undefined reference to `pthread_rwlock_init'
src.c:(.text+0x30): undefined reference to `pthread_rwlock_rdlock'
collect2: error: ld returned 1 exit status
CMakeFiles/cmTC_05189.dir/build.make:86: recipe for target 'cmTC_05189' failed
make[1]: *** [cmTC_05189] Error 1
make[1]: Leaving directory '/home/houxb/Temp/glog/cmake-build-debug/CMakeFiles/CMakeTmp'
Makefile:121: recipe for target 'cmTC_05189/fast' failed
make: *** [cmTC_05189/fast] Error 2


Source file was:

#define _XOPEN_SOURCE 500
#include <pthread.h>
int main(void)
{
  pthread_rwlock_t l;
  pthread_rwlock_init(&l, NULL);
  pthread_rwlock_rdlock(&l);
  return 0;
}

Performing C SOURCE FILE Test HAVE___DECLSPEC failed with the following output:
Change Dir: /home/houxb/Temp/glog/cmake-build-debug/CMakeFiles/CMakeTmp

Run Build Command(s):/usr/bin/make cmTC_d1b74/fast && /usr/bin/make -f CMakeFiles/cmTC_d1b74.dir/build.make CMakeFiles/cmTC_d1b74.dir/build
make[1]: Entering directory '/home/houxb/Temp/glog/cmake-build-debug/CMakeFiles/CMakeTmp'
Building C object CMakeFiles/cmTC_d1b74.dir/src.c.o
/usr/bin/cc   -DHAVE___DECLSPEC   -o CMakeFiles/cmTC_d1b74.dir/src.c.o   -c /home/houxb/Temp/glog/cmake-build-debug/CMakeFiles/CMakeTmp/src.c
/home/houxb/Temp/glog/cmake-build-debug/CMakeFiles/CMakeTmp/src.c:2:1: warning: return type defaults to ‘int’ [-Wimplicit-int]
 __declspec(selectany) int a;
 ^
/home/houxb/Temp/glog/cmake-build-debug/CMakeFiles/CMakeTmp/src.c: In function ‘__declspec’:
/home/houxb/Temp/glog/cmake-build-debug/CMakeFiles/CMakeTmp/src.c:3:16: error: expected ‘=’, ‘,’, ‘;’, ‘asm’ or ‘__attribute__’ before ‘{’ token
 int main(void) { return 0; }
                ^
/home/houxb/Temp/glog/cmake-build-debug/CMakeFiles/CMakeTmp/src.c:2:1: warning: type of ‘selectany’ defaults to ‘int’ [-Wimplicit-int]
 __declspec(selectany) int a;
 ^
/home/houxb/Temp/glog/cmake-build-debug/CMakeFiles/CMakeTmp/src.c:2:27: error: declaration for parameter ‘a’ but no such parameter
 __declspec(selectany) int a;
                           ^
/home/houxb/Temp/glog/cmake-build-debug/CMakeFiles/CMakeTmp/src.c:3:16: error: expected ‘{’ at end of input
 int main(void) { return 0; }
                ^
CMakeFiles/cmTC_d1b74.dir/build.make:65: recipe for target 'CMakeFiles/cmTC_d1b74.dir/src.c.o' failed
make[1]: *** [CMakeFiles/cmTC_d1b74.dir/src.c.o] Error 1
make[1]: Leaving directory '/home/houxb/Temp/glog/cmake-build-debug/CMakeFiles/CMakeTmp'
Makefile:121: recipe for target 'cmTC_d1b74/fast' failed
make: *** [cmTC_d1b74/fast] Error 2


Source file was:

__declspec(selectany) int a;
int main(void) { return 0; }

Performing C++ SOURCE FILE Test STL_NO_NAMESPACE failed with the following output:
Change Dir: /home/houxb/Temp/glog/cmake-build-debug/CMakeFiles/CMakeTmp

Run Build Command(s):/usr/bin/make cmTC_e289a/fast && /usr/bin/make -f CMakeFiles/cmTC_e289a.dir/build.make CMakeFiles/cmTC_e289a.dir/build
make[1]: Entering directory '/home/houxb/Temp/glog/cmake-build-debug/CMakeFiles/CMakeTmp'
Building CXX object CMakeFiles/cmTC_e289a.dir/src.cxx.o
/usr/bin/c++    -DSTL_NO_NAMESPACE   -o CMakeFiles/cmTC_e289a.dir/src.cxx.o -c /home/houxb/Temp/glog/cmake-build-debug/CMakeFiles/CMakeTmp/src.cxx
/home/houxb/Temp/glog/cmake-build-debug/CMakeFiles/CMakeTmp/src.cxx:3:1: error: ‘vector’ does not name a type
 vector<int> t; int main() { }
 ^
CMakeFiles/cmTC_e289a.dir/build.make:65: recipe for target 'CMakeFiles/cmTC_e289a.dir/src.cxx.o' failed
make[1]: *** [CMakeFiles/cmTC_e289a.dir/src.cxx.o] Error 1
make[1]: Leaving directory '/home/houxb/Temp/glog/cmake-build-debug/CMakeFiles/CMakeTmp'
Makefile:121: recipe for target 'cmTC_e289a/fast' failed
make: *** [cmTC_e289a/fast] Error 2


Source file was:

#include <vector>
vector<int> t; int main() { }

